{
  "RSpec": {
    "coverage": {
      "/Users/will/turing/3_mod/lunch_and_learn_be/app/facades/country_facade.rb": {
        "lines": [
          1,
          1,
          3,
          750,
          null,
          null,
          1,
          1,
          1,
          null,
          null
        ]
      },
      "/Users/will/turing/3_mod/lunch_and_learn_be/app/facades/image_facade.rb": {
        "lines": [
          1,
          1,
          3,
          60,
          null,
          null,
          null
        ]
      },
      "/Users/will/turing/3_mod/lunch_and_learn_be/app/facades/learning_resource_facade.rb": {
        "lines": [
          1,
          1,
          2,
          null,
          null
        ]
      },
      "/Users/will/turing/3_mod/lunch_and_learn_be/app/facades/recipe_facade.rb": {
        "lines": [
          1,
          1,
          3,
          60,
          null,
          null,
          null
        ]
      },
      "/Users/will/turing/3_mod/lunch_and_learn_be/app/facades/video_facade.rb": {
        "lines": [
          1,
          1,
          3,
          null,
          null
        ]
      },
      "/Users/will/turing/3_mod/lunch_and_learn_be/app/models/favorite.rb": {
        "lines": [
          1,
          1,
          1,
          1,
          1,
          1,
          null
        ]
      },
      "/Users/will/turing/3_mod/lunch_and_learn_be/app/models/user.rb": {
        "lines": [
          1,
          1,
          1,
          1,
          1,
          null
        ]
      },
      "/Users/will/turing/3_mod/lunch_and_learn_be/app/poros/image.rb": {
        "lines": [
          1,
          1,
          null,
          1,
          61,
          61,
          null,
          null
        ]
      },
      "/Users/will/turing/3_mod/lunch_and_learn_be/app/poros/learning_resource.rb": {
        "lines": [
          1,
          1,
          null,
          1,
          3,
          3,
          3,
          null,
          null
        ]
      },
      "/Users/will/turing/3_mod/lunch_and_learn_be/app/poros/recipe.rb": {
        "lines": [
          1,
          1,
          null,
          1,
          61,
          61,
          61,
          61,
          null,
          null
        ]
      },
      "/Users/will/turing/3_mod/lunch_and_learn_be/app/poros/video.rb": {
        "lines": [
          1,
          1,
          null,
          1,
          4,
          4,
          null,
          null
        ]
      },
      "/Users/will/turing/3_mod/lunch_and_learn_be/app/services/country_service.rb": {
        "lines": [
          1,
          1,
          4,
          null,
          null,
          1,
          4,
          null,
          null,
          1,
          4,
          null,
          null
        ]
      },
      "/Users/will/turing/3_mod/lunch_and_learn_be/app/services/image_service.rb": {
        "lines": [
          1,
          1,
          4,
          null,
          null,
          1,
          4,
          null,
          null,
          1,
          4,
          4,
          null,
          null,
          null
        ]
      },
      "/Users/will/turing/3_mod/lunch_and_learn_be/app/services/recipe_service.rb": {
        "lines": [
          1,
          1,
          4,
          null,
          null,
          1,
          4,
          null,
          null,
          1,
          4,
          4,
          4,
          4,
          null,
          null,
          null
        ]
      },
      "/Users/will/turing/3_mod/lunch_and_learn_be/app/services/video_service.rb": {
        "lines": [
          1,
          1,
          4,
          null,
          null,
          1,
          4,
          null,
          null,
          1,
          4,
          4,
          4,
          null,
          null,
          null
        ]
      },
      "/Users/will/turing/3_mod/lunch_and_learn_be/app/controllers/api/v1/learning_resources_controller.rb": {
        "lines": [
          1,
          1,
          1,
          null,
          null
        ]
      },
      "/Users/will/turing/3_mod/lunch_and_learn_be/app/controllers/application_controller.rb": {
        "lines": [
          1,
          null
        ]
      },
      "/Users/will/turing/3_mod/lunch_and_learn_be/app/serializers/learning_resource_serializer.rb": {
        "lines": [
          1,
          1,
          2,
          1,
          null,
          null,
          null
        ]
      },
      "/Users/will/turing/3_mod/lunch_and_learn_be/app/controllers/api/v1/recipes_controller.rb": {
        "lines": [
          1,
          1,
          2,
          1,
          null,
          1,
          1,
          null,
          null,
          null
        ]
      },
      "/Users/will/turing/3_mod/lunch_and_learn_be/app/serializers/recipe_serializer.rb": {
        "lines": [
          1,
          1,
          41,
          1,
          null,
          null,
          null,
          null
        ]
      }
    },
    "timestamp": 1674032843
  }
}
